<?xml version="1.0" encoding="UTF-8"?>
<!-- Generated by org.testng.reporters.JUnitXMLReporter -->
<testsuite ignored="1" hostname="DESKTOP-MHBGVM6" failures="0" tests="1" name="Default test" time="11.84" errors="0" timestamp="2023-09-08T13:23:36 IST">
  <testcase classname="StringTraining.SplitExample" name="SplitWordsUsingScanner" time="11.768"/>
  <testcase classname="StringTraining.SplitExample" name="SplitWords" time="0.0">
    <ignored/>
  </testcase> <!-- SplitWords -->
</testsuite> <!-- Default test -->
