<?xml version="1.0" encoding="UTF-8"?>
<testng-results ignored="1" total="2" passed="1" failed="0" skipped="0">
  <reporter-output>
  </reporter-output>
  <suite started-at="2023-09-08T13:23:24 IST" name="Default suite" finished-at="2023-09-08T13:23:36 IST" duration-ms="11840">
    <groups>
    </groups>
    <test started-at="2023-09-08T13:23:24 IST" name="Default test" finished-at="2023-09-08T13:23:36 IST" duration-ms="11840">
      <class name="StringTraining.SplitExample">
        <test-method signature="SplitWordsUsingScanner()[pri:0, instance:StringTraining.SplitExample@61386958]" started-at="2023-09-08T13:23:24 IST" name="SplitWordsUsingScanner" finished-at="2023-09-08T13:23:36 IST" duration-ms="11768" status="PASS">
          <reporter-output>
          </reporter-output>
        </test-method> <!-- SplitWordsUsingScanner -->
      </class> <!-- StringTraining.SplitExample -->
    </test> <!-- Default test -->
  </suite> <!-- Default suite -->
</testng-results>
